Using pre-set license
Built from '2020.3/release' branch; Version is '2020.3.12f1 (b3b2c6512326) revision 11776710'; Using compiler version '192528614'; Build Type 'Release'
OS: 'Windows 10 Enterprise; OS build 18362.418; Version 1903; 64bit' Language: 'ru' Physical Memory: 8156 MB
BatchMode: 1, IsHumanControllingUs: 0, StartBugReporterOnCrash: 0, Is64bit: 1, IsPro: 0

 COMMAND LINE ARGUMENTS:
C:\Program Files\Unity\Hub\Editor\2020.3.12f1\Editor\Unity.exe
-adb2
-batchMode
-noUpm
-name
AssetImportWorker0
-projectPath
C:/Users/DFG/IZIGame
-logFile
Logs/AssetImportWorker0.log
-srvPort
64943
Successfully changed project path to: C:/Users/DFG/IZIGame
C:/Users/DFG/IZIGame
Using Asset Import Pipeline V2.
Refreshing native plugins compatible for Editor in 113.24 ms, found 2 plugins.
Preloading 0 native plugins for Editor in 0.00 ms.
Initialize engine version: 2020.3.12f1 (b3b2c6512326)
[Subsystems] Discovering subsystems at path C:/Program Files/Unity/Hub/Editor/2020.3.12f1/Editor/Data/Resources/UnitySubsystems
[Subsystems] Discovering subsystems at path C:/Users/DFG/IZIGame/Assets
GfxDevice: creating device client; threaded=0
Direct3D:
    Version:  Direct3D 11.0 [level 11.1]
    Renderer: AMD Radeon HD 7800 Series (ID=0x6819)
    Vendor:   
    VRAM:     2026 MB
    Driver:   15.200.1062.1004
Initialize mono
Mono path[0] = 'C:/Program Files/Unity/Hub/Editor/2020.3.12f1/Editor/Data/Managed'
Mono path[1] = 'C:/Program Files/Unity/Hub/Editor/2020.3.12f1/Editor/Data/MonoBleedingEdge/lib/mono/unityjit'
Mono config path = 'C:/Program Files/Unity/Hub/Editor/2020.3.12f1/Editor/Data/MonoBleedingEdge/etc'
Using monoOptions --debugger-agent=transport=dt_socket,embedding=1,server=y,suspend=n,address=127.0.0.1:56584
Begin MonoManager ReloadAssembly
Registering precompiled unity dll's ...
Register platform support module: C:/Program Files/Unity/Hub/Editor/2020.3.12f1/Editor/Data/PlaybackEngines/WindowsStandaloneSupport/UnityEditor.WindowsStandalone.Extensions.dll
Registered in 0.003146 seconds.
Native extension for WindowsStandalone target not found
Refreshing native plugins compatible for Editor in 120.63 ms, found 2 plugins.
Preloading 0 native plugins for Editor in 0.00 ms.
Mono: successfully reloaded assembly
- Completed reload, in  7.095 seconds
Platform modules already initialized, skipping
Registering precompiled user dll's ...
Registered in 0.011301 seconds.
Begin MonoManager ReloadAssembly
Native extension for WindowsStandalone target not found
Refreshing native plugins compatible for Editor in 0.80 ms, found 2 plugins.
Preloading 0 native plugins for Editor in 0.00 ms.
Mono: successfully reloaded assembly
- Completed reload, in  6.564 seconds
Platform modules already initialized, skipping
========================================================================
Worker process is ready to serve import requests
Launched and connected shader compiler UnityShaderCompiler.exe after 0.11 seconds
Refreshing native plugins compatible for Editor in 0.71 ms, found 2 plugins.
Preloading 0 native plugins for Editor in 0.00 ms.
Unloading 1417 Unused Serialized files (Serialized files now loaded: 0)
System memory in use before: 79.0 MB.
System memory in use after: 79.1 MB.

Unloading 20 unused Assets to reduce memory usage. Loaded Objects now: 1874.
Total: 4.422800 ms (FindLiveObjects: 0.298600 ms CreateObjectMapping: 0.092300 ms MarkObjects: 3.851000 ms  DeleteObjects: 0.177400 ms)

AssetImportParameters requested are different than current active one (requested -> active):
  custom:framework-win-MediaFoundation: 216162199b28c13a410421893ffa2e32 -> 
  custom:video-decoder-ogg-theora: a1e56fd34408186e4bbccfd4996cb3dc -> 
  custom:container-muxer-webm: aa71ff27fc2769a1b78a27578f13a17b -> 
  custom:container-demuxer-webm: 4f35f7cbe854078d1ac9338744f61a02 -> 
  custom:container-demuxer-ogg: 62fdf1f143b41e24485cea50d1cbac27 -> 
  custom:video-encoder-webm-vp8: eb34c28f22e8b96e1ab97ce403110664 -> 
  custom:video-decoder-webm-vp8: 9c59270c3fd7afecdb556c50c9e8de78 -> 
  custom:audio-decoder-ogg-vorbis: bf7c407c2cedff20999df2af8eb42d56 -> 
  custom:audio-encoder-webm-vorbis: bf7c407c2cedff20999df2af8eb42d56 -> 
========================================================================
Received Import Request.
  path: Assets/Scripts/ProgrammModules/ConstructorLevel/QModule.cs
  artifactKey: Guid(405111f11dff2774098829cd0e5f2888) Importer(815301076,1909f56bfc062723c751e8b465ee728b)
Start importing Assets/Scripts/ProgrammModules/ConstructorLevel/QModule.cs using Guid(405111f11dff2774098829cd0e5f2888) Importer(815301076,1909f56bfc062723c751e8b465ee728b)  -> (artifact id: '72ee610674116d0c595b9f246bbdb449') in 0.374753 seconds 
  Import took 0.379862 seconds .

========================================================================
Received Import Request.
  Time since last request: 0.001953 seconds.
  path: Assets/Scripts/ProgrammModules/TelegramBot.cs
  artifactKey: Guid(fcc97d61dddaaa34fad4ebbc618c62d7) Importer(815301076,1909f56bfc062723c751e8b465ee728b)
Start importing Assets/Scripts/ProgrammModules/TelegramBot.cs using Guid(fcc97d61dddaaa34fad4ebbc618c62d7) Importer(815301076,1909f56bfc062723c751e8b465ee728b)  -> (artifact id: '8aa11c82f06b7cb6014135c707a7e449') in 0.003624 seconds 
  Import took 0.041473 seconds .

========================================================================
Received Import Request.
  Time since last request: 0.004670 seconds.
  path: Assets/Scripts/ProgrammModules/ConstructorLevel/TransformModule.cs
  artifactKey: Guid(6087b449406d47848a8c5de3b1948340) Importer(815301076,1909f56bfc062723c751e8b465ee728b)
Start importing Assets/Scripts/ProgrammModules/ConstructorLevel/TransformModule.cs using Guid(6087b449406d47848a8c5de3b1948340) Importer(815301076,1909f56bfc062723c751e8b465ee728b)  -> (artifact id: '59eb5cd618237a03fe5fcaf7c1640b28') in 0.043498 seconds 
  Import took 0.067534 seconds .

========================================================================
Received Import Request.
  Time since last request: 0.016474 seconds.
  path: Assets/Scripts/ProgrammModules/GameProcess.cs
  artifactKey: Guid(0e329572e29833742a249146d84cf023) Importer(815301076,1909f56bfc062723c751e8b465ee728b)
Start importing Assets/Scripts/ProgrammModules/GameProcess.cs using Guid(0e329572e29833742a249146d84cf023) Importer(815301076,1909f56bfc062723c751e8b465ee728b)  -> (artifact id: 'd7587a452b69ed0647120edc2d13861d') in 0.011569 seconds 
  Import took 0.040107 seconds .

========================================================================
Received Import Request.
  Time since last request: 0.001153 seconds.
  path: Assets/Scripts/Manager.cs
  artifactKey: Guid(aa90c72cdfdcf3644adccd3ff203f89a) Importer(815301076,1909f56bfc062723c751e8b465ee728b)
Start importing Assets/Scripts/Manager.cs using Guid(aa90c72cdfdcf3644adccd3ff203f89a) Importer(815301076,1909f56bfc062723c751e8b465ee728b)  -> (artifact id: '204a4cb7d661efa038309505ca3cdc66') in 0.064356 seconds 
  Import took 0.092827 seconds .

========================================================================
Received Import Request.
  Time since last request: 0.025274 seconds.
  path: Assets/Scripts/ProgrammModules/GameProcess.cs
  artifactKey: Guid(0e329572e29833742a249146d84cf023) Importer(815301076,1909f56bfc062723c751e8b465ee728b)
Start importing Assets/Scripts/ProgrammModules/GameProcess.cs using Guid(0e329572e29833742a249146d84cf023) Importer(815301076,1909f56bfc062723c751e8b465ee728b)  -> (artifact id: 'd7587a452b69ed0647120edc2d13861d') in 0.008274 seconds 
  Import took 0.052650 seconds .

